<?xml version="1.0" encoding="UTF-8"?>
<!-- Generated by org.testng.reporters.JUnitXMLReporter -->
<testsuite ignored="0" hostname="Paulos-MacBook-Pro.local" failures="1" tests="1" name="Open.Test" time="43.622" errors="0" timestamp="2023-09-14T15:13:02 SGT">
  <testcase classname="testCase.TC_001_AccountRegistrationTest" name="test_account_Registration" time="37.609">
    <failure type="java.lang.AssertionError" message="null">
      <![CDATA[java.lang.AssertionError: null
at testCase.TC_001_AccountRegistrationTest.test_account_Registration(TC_001_AccountRegistrationTest.java:58)
at java.base/java.util.ArrayList.forEach(ArrayList.java:1541)
... Removed 29 stack frames]]>
    </failure>
  </testcase> <!-- test_account_Registration -->
</testsuite> <!-- Open.Test -->
